<?xml version="1.0" encoding="UTF-8"?>
<coverage generated="1638884211792" clover="3.2.0">
  <project timestamp="1638884211792" name="All files">
    <metrics statements="53" coveredstatements="53" conditionals="26" coveredconditionals="24" methods="13" coveredmethods="13" elements="92" coveredelements="90" complexity="0" loc="53" ncloc="53" packages="1" files="1" classes="1"/>
    <file name="solution.js" path="C:\Users\joelp\VSCodeProjects\advent-of-code\day-05\solution.js">
      <metrics statements="53" coveredstatements="53" conditionals="26" coveredconditionals="24" methods="13" coveredmethods="13"/>
      <line num="1" count="1" type="stmt"/>
      <line num="2" count="1" type="stmt"/>
      <line num="4" count="1" type="stmt"/>
      <line num="6" count="1" type="stmt"/>
      <line num="7" count="2044" type="stmt"/>
      <line num="8" count="511" type="stmt"/>
      <line num="17" count="1" type="stmt"/>
      <line num="18" count="676" type="stmt"/>
      <line num="20" count="676" type="cond" truecount="2" falsecount="0"/>
      <line num="21" count="325" type="stmt"/>
      <line num="22" count="325" type="stmt"/>
      <line num="23" count="325" type="stmt"/>
      <line num="24" count="108795" type="stmt"/>
      <line num="29" count="325" type="stmt"/>
      <line num="31" count="351" type="cond" truecount="2" falsecount="0"/>
      <line num="32" count="347" type="stmt"/>
      <line num="33" count="347" type="stmt"/>
      <line num="34" count="347" type="stmt"/>
      <line num="35" count="106611" type="stmt"/>
      <line num="40" count="347" type="stmt"/>
      <line num="42" count="4" type="cond" truecount="1" falsecount="1"/>
      <line num="43" count="4" type="cond" truecount="4" falsecount="0"/>
      <line num="45" count="2" type="stmt"/>
      <line num="46" count="2" type="stmt"/>
      <line num="47" count="2" type="stmt"/>
      <line num="48" count="12" type="stmt"/>
      <line num="53" count="2" type="stmt"/>
      <line num="56" count="2" type="cond" truecount="3" falsecount="1"/>
      <line num="57" count="2" type="stmt"/>
      <line num="58" count="2" type="stmt"/>
      <line num="59" count="2" type="stmt"/>
      <line num="60" count="12" type="stmt"/>
      <line num="65" count="2" type="stmt"/>
      <line num="70" count="1" type="stmt"/>
      <line num="72" count="4" type="stmt"/>
      <line num="74" count="4" type="stmt"/>
      <line num="75" count="215418" type="cond" truecount="2" falsecount="0"/>
      <line num="78" count="4" type="stmt"/>
      <line num="79" count="197028" type="cond" truecount="2" falsecount="0"/>
      <line num="80" count="4" type="stmt"/>
      <line num="84" count="1" type="stmt"/>
      <line num="85" count="510" type="cond" truecount="2" falsecount="0"/>
      <line num="87" count="335" type="stmt"/>
      <line num="89" count="2" type="stmt"/>
      <line num="92" count="1" type="stmt"/>
      <line num="94" count="2" type="stmt"/>
      <line num="95" count="510" type="cond" truecount="6" falsecount="0"/>
      <line num="96" count="337" type="stmt"/>
      <line num="98" count="2" type="stmt"/>
      <line num="101" count="500" type="stmt"/>
      <line num="103" count="1" type="stmt"/>
      <line num="104" count="1" type="stmt"/>
      <line num="107" count="1" type="stmt"/>
    </file>
  </project>
</coverage>
