{"C:\\Users\\joelp\\VSCodeProjects\\advent-of-code\\day-05\\solution.js": {"path":"C:\\Users\\joelp\\VSCodeProjects\\advent-of-code\\day-05\\solution.js","statementMap":{"0":{"start":{"line":1,"column":11},"end":{"line":1,"column":24}},"1":{"start":{"line":2,"column":13},"end":{"line":2,"column":28}},"2":{"start":{"line":4,"column":12},"end":{"line":4,"column":97}},"3":{"start":{"line":6,"column":20},"end":{"line":14,"column":1}},"4":{"start":{"line":7,"column":16},"end":{"line":7,"column":54}},"5":{"start":{"line":7,"column":44},"end":{"line":7,"column":53}},"6":{"start":{"line":8,"column":4},"end":{"line":13,"column":5}},"7":{"start":{"line":17,"column":26},"end":{"line":68,"column":1}},"8":{"start":{"line":18,"column":17},"end":{"line":18,"column":19}},"9":{"start":{"line":20,"column":4},"end":{"line":67,"column":5}},"10":{"start":{"line":21,"column":18},"end":{"line":21,"column":48}},"11":{"start":{"line":22,"column":18},"end":{"line":22,"column":48}},"12":{"start":{"line":23,"column":8},"end":{"line":28,"column":9}},"13":{"start":{"line":24,"column":12},"end":{"line":27,"column":14}},"14":{"start":{"line":29,"column":8},"end":{"line":29,"column":22}},"15":{"start":{"line":31,"column":9},"end":{"line":67,"column":5}},"16":{"start":{"line":32,"column":18},"end":{"line":32,"column":48}},"17":{"start":{"line":33,"column":18},"end":{"line":33,"column":48}},"18":{"start":{"line":34,"column":8},"end":{"line":39,"column":9}},"19":{"start":{"line":35,"column":12},"end":{"line":38,"column":14}},"20":{"start":{"line":40,"column":8},"end":{"line":40,"column":22}},"21":{"start":{"line":42,"column":9},"end":{"line":67,"column":5}},"22":{"start":{"line":43,"column":8},"end":{"line":66,"column":9}},"23":{"start":{"line":45,"column":22},"end":{"line":45,"column":52}},"24":{"start":{"line":46,"column":22},"end":{"line":46,"column":52}},"25":{"start":{"line":47,"column":12},"end":{"line":52,"column":13}},"26":{"start":{"line":48,"column":16},"end":{"line":51,"column":18}},"27":{"start":{"line":53,"column":12},"end":{"line":53,"column":26}},"28":{"start":{"line":56,"column":13},"end":{"line":66,"column":9}},"29":{"start":{"line":57,"column":22},"end":{"line":57,"column":52}},"30":{"start":{"line":58,"column":22},"end":{"line":58,"column":52}},"31":{"start":{"line":59,"column":12},"end":{"line":64,"column":13}},"32":{"start":{"line":59,"column":25},"end":{"line":59,"column":26}},"33":{"start":{"line":60,"column":16},"end":{"line":63,"column":18}},"34":{"start":{"line":65,"column":12},"end":{"line":65,"column":26}},"35":{"start":{"line":70,"column":25},"end":{"line":82,"column":1}},"36":{"start":{"line":72,"column":19},"end":{"line":72,"column":21}},"37":{"start":{"line":74,"column":4},"end":{"line":76,"column":6}},"38":{"start":{"line":75,"column":8},"end":{"line":75,"column":72}},"39":{"start":{"line":78,"column":17},"end":{"line":78,"column":18}},"40":{"start":{"line":79,"column":4},"end":{"line":79,"column":61}},"41":{"start":{"line":79,"column":39},"end":{"line":79,"column":59}},"42":{"start":{"line":80,"column":4},"end":{"line":80,"column":18}},"43":{"start":{"line":84,"column":14},"end":{"line":90,"column":1}},"44":{"start":{"line":85,"column":4},"end":{"line":85,"column":87}},"45":{"start":{"line":85,"column":35},"end":{"line":85,"column":85}},"46":{"start":{"line":87,"column":22},"end":{"line":87,"column":83}},"47":{"start":{"line":87,"column":44},"end":{"line":87,"column":75}},"48":{"start":{"line":89,"column":4},"end":{"line":89,"column":41}},"49":{"start":{"line":92,"column":14},"end":{"line":99,"column":1}},"50":{"start":{"line":94,"column":4},"end":{"line":95,"column":175}},"51":{"start":{"line":95,"column":15},"end":{"line":95,"column":173}},"52":{"start":{"line":96,"column":22},"end":{"line":96,"column":82}},"53":{"start":{"line":96,"column":44},"end":{"line":96,"column":74}},"54":{"start":{"line":98,"column":4},"end":{"line":98,"column":41}},"55":{"start":{"line":101,"column":16},"end":{"line":101,"column":52}},"56":{"start":{"line":101,"column":34},"end":{"line":101,"column":51}},"57":{"start":{"line":103,"column":0},"end":{"line":103,"column":28}},"58":{"start":{"line":104,"column":0},"end":{"line":104,"column":28}},"59":{"start":{"line":107,"column":0},"end":{"line":113,"column":1}}},"fnMap":{"0":{"name":"(anonymous_0)","decl":{"start":{"line":6,"column":20},"end":{"line":6,"column":21}},"loc":{"start":{"line":6,"column":30},"end":{"line":14,"column":1}},"line":6},"1":{"name":"(anonymous_1)","decl":{"start":{"line":7,"column":39},"end":{"line":7,"column":40}},"loc":{"start":{"line":7,"column":44},"end":{"line":7,"column":53}},"line":7},"2":{"name":"(anonymous_2)","decl":{"start":{"line":17,"column":26},"end":{"line":17,"column":27}},"loc":{"start":{"line":17,"column":45},"end":{"line":68,"column":1}},"line":17},"3":{"name":"(anonymous_3)","decl":{"start":{"line":70,"column":25},"end":{"line":70,"column":26}},"loc":{"start":{"line":70,"column":42},"end":{"line":82,"column":1}},"line":70},"4":{"name":"(anonymous_4)","decl":{"start":{"line":74,"column":24},"end":{"line":74,"column":25}},"loc":{"start":{"line":75,"column":8},"end":{"line":75,"column":72}},"line":75},"5":{"name":"(anonymous_5)","decl":{"start":{"line":79,"column":34},"end":{"line":79,"column":35}},"loc":{"start":{"line":79,"column":39},"end":{"line":79,"column":59}},"line":79},"6":{"name":"(anonymous_6)","decl":{"start":{"line":84,"column":14},"end":{"line":84,"column":15}},"loc":{"start":{"line":84,"column":25},"end":{"line":90,"column":1}},"line":84},"7":{"name":"(anonymous_7)","decl":{"start":{"line":85,"column":28},"end":{"line":85,"column":29}},"loc":{"start":{"line":85,"column":35},"end":{"line":85,"column":85}},"line":85},"8":{"name":"(anonymous_8)","decl":{"start":{"line":87,"column":35},"end":{"line":87,"column":36}},"loc":{"start":{"line":87,"column":44},"end":{"line":87,"column":75}},"line":87},"9":{"name":"(anonymous_9)","decl":{"start":{"line":92,"column":14},"end":{"line":92,"column":15}},"loc":{"start":{"line":92,"column":25},"end":{"line":99,"column":1}},"line":92},"10":{"name":"(anonymous_10)","decl":{"start":{"line":95,"column":8},"end":{"line":95,"column":9}},"loc":{"start":{"line":95,"column":15},"end":{"line":95,"column":173}},"line":95},"11":{"name":"(anonymous_11)","decl":{"start":{"line":96,"column":35},"end":{"line":96,"column":36}},"loc":{"start":{"line":96,"column":44},"end":{"line":96,"column":74}},"line":96},"12":{"name":"(anonymous_12)","decl":{"start":{"line":101,"column":26},"end":{"line":101,"column":27}},"loc":{"start":{"line":101,"column":34},"end":{"line":101,"column":51}},"line":101}},"branchMap":{"0":{"loc":{"start":{"line":20,"column":4},"end":{"line":67,"column":5}},"type":"if","locations":[{"start":{"line":20,"column":4},"end":{"line":67,"column":5}},{"start":{"line":31,"column":9},"end":{"line":67,"column":5}}],"line":20},"1":{"loc":{"start":{"line":31,"column":9},"end":{"line":67,"column":5}},"type":"if","locations":[{"start":{"line":31,"column":9},"end":{"line":67,"column":5}},{"start":{"line":42,"column":9},"end":{"line":67,"column":5}}],"line":31},"2":{"loc":{"start":{"line":42,"column":9},"end":{"line":67,"column":5}},"type":"if","locations":[{"start":{"line":42,"column":9},"end":{"line":67,"column":5}},{"start":{},"end":{}}],"line":42},"3":{"loc":{"start":{"line":43,"column":8},"end":{"line":66,"column":9}},"type":"if","locations":[{"start":{"line":43,"column":8},"end":{"line":66,"column":9}},{"start":{"line":56,"column":13},"end":{"line":66,"column":9}}],"line":43},"4":{"loc":{"start":{"line":43,"column":12},"end":{"line":43,"column":60}},"type":"binary-expr","locations":[{"start":{"line":43,"column":12},"end":{"line":43,"column":34}},{"start":{"line":43,"column":38},"end":{"line":43,"column":60}}],"line":43},"5":{"loc":{"start":{"line":56,"column":13},"end":{"line":66,"column":9}},"type":"if","locations":[{"start":{"line":56,"column":13},"end":{"line":66,"column":9}},{"start":{},"end":{}}],"line":56},"6":{"loc":{"start":{"line":56,"column":17},"end":{"line":56,"column":65}},"type":"binary-expr","locations":[{"start":{"line":56,"column":17},"end":{"line":56,"column":39}},{"start":{"line":56,"column":43},"end":{"line":56,"column":65}}],"line":56},"7":{"loc":{"start":{"line":75,"column":37},"end":{"line":75,"column":67}},"type":"binary-expr","locations":[{"start":{"line":75,"column":37},"end":{"line":75,"column":62}},{"start":{"line":75,"column":66},"end":{"line":75,"column":67}}],"line":75},"8":{"loc":{"start":{"line":79,"column":39},"end":{"line":79,"column":59}},"type":"cond-expr","locations":[{"start":{"line":79,"column":47},"end":{"line":79,"column":55}},{"start":{"line":79,"column":58},"end":{"line":79,"column":59}}],"line":79},"9":{"loc":{"start":{"line":85,"column":35},"end":{"line":85,"column":85}},"type":"binary-expr","locations":[{"start":{"line":85,"column":35},"end":{"line":85,"column":58}},{"start":{"line":85,"column":62},"end":{"line":85,"column":85}}],"line":85},"10":{"loc":{"start":{"line":95,"column":15},"end":{"line":95,"column":173}},"type":"binary-expr","locations":[{"start":{"line":95,"column":15},"end":{"line":95,"column":38}},{"start":{"line":95,"column":42},"end":{"line":95,"column":65}},{"start":{"line":95,"column":69},"end":{"line":95,"column":92}},{"start":{"line":95,"column":96},"end":{"line":95,"column":119}},{"start":{"line":95,"column":123},"end":{"line":95,"column":146}},{"start":{"line":95,"column":150},"end":{"line":95,"column":173}}],"line":95}},"s":{"0":1,"1":1,"2":1,"3":1,"4":511,"5":2044,"6":511,"7":1,"8":676,"9":676,"10":325,"11":325,"12":325,"13":108795,"14":325,"15":351,"16":347,"17":347,"18":347,"19":106611,"20":347,"21":4,"22":4,"23":2,"24":2,"25":2,"26":12,"27":2,"28":2,"29":2,"30":2,"31":2,"32":2,"33":12,"34":2,"35":1,"36":4,"37":4,"38":215418,"39":4,"40":4,"41":197028,"42":4,"43":1,"44":2,"45":510,"46":2,"47":335,"48":2,"49":1,"50":2,"51":510,"52":2,"53":337,"54":2,"55":1,"56":500,"57":1,"58":1,"59":1},"f":{"0":511,"1":2044,"2":676,"3":4,"4":215418,"5":197028,"6":2,"7":510,"8":335,"9":2,"10":510,"11":337,"12":500},"b":{"0":[325,351],"1":[347,4],"2":[4,0],"3":[2,2],"4":[4,2],"5":[2,0],"6":[2,2],"7":[215418,197028],"8":[17257,179771],"9":[510,348],"10":[510,348,175,2,174,1]},"_coverageSchema":"1a1c01bbd47fc00a2c39e90264f33305004495a9","hash":"63aeb341a198a2d909a5867e9c029dada64de303"}
}
