TN:
SF:solution.js
FN:6,(anonymous_0)
FN:7,(anonymous_1)
FN:17,(anonymous_2)
FN:70,(anonymous_3)
FN:74,(anonymous_4)
FN:79,(anonymous_5)
FN:84,(anonymous_6)
FN:85,(anonymous_7)
FN:87,(anonymous_8)
FN:92,(anonymous_9)
FN:95,(anonymous_10)
FN:96,(anonymous_11)
FN:101,(anonymous_12)
FNF:13
FNH:13
FNDA:511,(anonymous_0)
FNDA:2044,(anonymous_1)
FNDA:676,(anonymous_2)
FNDA:4,(anonymous_3)
FNDA:215418,(anonymous_4)
FNDA:197028,(anonymous_5)
FNDA:2,(anonymous_6)
FNDA:510,(anonymous_7)
FNDA:335,(anonymous_8)
FNDA:2,(anonymous_9)
FNDA:510,(anonymous_10)
FNDA:337,(anonymous_11)
FNDA:500,(anonymous_12)
DA:1,1
DA:2,1
DA:4,1
DA:6,1
DA:7,2044
DA:8,511
DA:17,1
DA:18,676
DA:20,676
DA:21,325
DA:22,325
DA:23,325
DA:24,108795
DA:29,325
DA:31,351
DA:32,347
DA:33,347
DA:34,347
DA:35,106611
DA:40,347
DA:42,4
DA:43,4
DA:45,2
DA:46,2
DA:47,2
DA:48,12
DA:53,2
DA:56,2
DA:57,2
DA:58,2
DA:59,2
DA:60,12
DA:65,2
DA:70,1
DA:72,4
DA:74,4
DA:75,215418
DA:78,4
DA:79,197028
DA:80,4
DA:84,1
DA:85,510
DA:87,335
DA:89,2
DA:92,1
DA:94,2
DA:95,510
DA:96,337
DA:98,2
DA:101,500
DA:103,1
DA:104,1
DA:107,1
LF:53
LH:53
BRDA:20,0,0,325
BRDA:20,0,1,351
BRDA:31,1,0,347
BRDA:31,1,1,4
BRDA:42,2,0,4
BRDA:42,2,1,0
BRDA:43,3,0,2
BRDA:43,3,1,2
BRDA:43,4,0,4
BRDA:43,4,1,2
BRDA:56,5,0,2
BRDA:56,5,1,0
BRDA:56,6,0,2
BRDA:56,6,1,2
BRDA:75,7,0,215418
BRDA:75,7,1,197028
BRDA:79,8,0,17257
BRDA:79,8,1,179771
BRDA:85,9,0,510
BRDA:85,9,1,348
BRDA:95,10,0,510
BRDA:95,10,1,348
BRDA:95,10,2,175
BRDA:95,10,3,2
BRDA:95,10,4,174
BRDA:95,10,5,1
BRF:26
BRH:24
end_of_record
